2015-01-01 03:11:55,274 INFO carthing_runtime: persistent state OK (/run/carthing-state/carthing)
2015-01-01 03:11:55,323 INFO carthing_runtime: hw capabilities: {'display_drm': True, 'backlight': True, 'touch': True, 'encoder': True, 'buttons': True, 'als_prox_tmd2772': True, 'audio_playback_t9015': True, 'audio_capture_pdm': True, 'thermal_zones': 5, 'zram': True, 'hwrng': True, 'usb_host': True, 'efuse_usid': True, 'mfi_i2c_node': True, 'mfi_i2c_name': 'apple_mfi_auth', 'mfi_auth_driver': True, 'mfi_auth_major': 509, 'mfi_auth_device': True, 'mfi_auth_open': True, 'mfi_auth_version': 7, 'mfi_auth_cert_len': 608, 'mfi_chip': True}
2015-01-01 03:11:55,324 INFO ble_transport: Opening transport hci-socket:0
2015-01-01 03:11:56,175 INFO ble_transport: Controller public address: 30:E3:D6:00:5F:A4  -> name=Car Thing (SN: QN19)
2015-01-01 03:11:56,181 INFO ble_transport: Read_Local_Name (что реально на чипе по классике): 'Car Thing (SN: QN19)'
2015-01-01 03:11:56,181 INFO ble_transport: BLE device ON — address: 30:E3:D6:00:5F:A4/P  name: Car Thing (SN: QN19)
2015-01-01 03:11:56,185 INFO carthing_runtime: GUI disabled by CARTHING_GUI_ENABLE=0
2015-01-01 03:11:56,191 INFO a2dp_bridge: A2DP SDP records installed: AudioSink + AVRCP Target (CoD loudspeaker)
2015-01-01 03:11:56,191 INFO a2dp_bridge: A2DP safe classic link-key provider installed
2015-01-01 03:11:56,195 INFO a2dp_bridge: A2DP classic CoD active: 0x240414
2015-01-01 03:11:56,196 INFO a2dp_bridge: A2DP classic connectable (not discoverable) enabled
2015-01-01 03:11:56,197 INFO a2dp_bridge: A2DP bridge started: local=30:E3:D6:00:5F:A4/P name=Car Thing (SN: QN19) trusted_sources=0 trusted_speakers=0
2015-01-01 03:11:56,210 INFO accessory_orchestrator: Visibility: phase=pairing pairing_armed=False transfer_conn=True
2015-01-01 03:11:56,211 INFO carthing_runtime: iAP2 disabled by default for clean dual-mode audio pairing
2015-01-01 03:11:56,213 INFO accessory_orchestrator: Visibility: phase=pairing pairing_armed=False transfer_conn=True
2015-01-01 03:11:56,220 INFO accessory_orchestrator: Visibility: phase=pairing pairing_armed=False transfer_conn=True
2015-01-01 03:11:56,220 INFO carthing_runtime: apply_visibility done
2015-01-01 03:11:56,224 INFO accessory_orchestrator: Pairing mode: address resolution OFF (clean first-try pairing)
2015-01-01 03:11:56,239 INFO accessory_orchestrator: General pairing advertising started (public, scan-name, flags=0x1a LE General, BR/EDR C, BR/EDR H)
2015-01-01 03:11:56,240 INFO accessory_orchestrator: Visibility: phase=pairing pairing_armed=True transfer_conn=True
2015-01-01 03:11:56,240 INFO carthing_runtime: auto pairing armed (CAR_THING_AUTO_PAIRING=1)
2015-01-01 03:11:56,240 INFO carthing_runtime: kick_reconnect scheduled
2015-01-01 03:11:56,241 INFO carthing_runtime: runtime up — name=Car Thing (SN: QN19)
2015-01-01 03:11:56,242 INFO carthing_runtime: _render_loop started, gui=None power=None
2015-01-01 03:11:56,260 INFO accessory_orchestrator: General pairing advertising started (public, scan-name, flags=0x1a LE General, BR/EDR C, BR/EDR H)
2015-01-01 03:11:56,261 INFO accessory_orchestrator: Visibility: phase=pairing pairing_armed=True transfer_conn=True
2015-01-01 06:44:23,852 INFO carthing_runtime: connected: 4F:1B:47:7F:8D:D9 classic=False encrypted=False
2015-01-01 06:44:23,854 WARNING bumble.host: HCI_LE_SET_ADVERTISING_ENABLE_COMMAND failed (COMMAND_DISALLOWED_ERROR)
2015-01-01 06:44:23,854 INFO carthing_runtime: requesting pairing (link not encrypted yet)
2015-01-01 06:44:26,361 INFO carthing_runtime: AMS start (encryption)
2015-01-01 06:44:26,362 INFO ams_client: AMS: discovering services on 4F:1B:47:7F:8D:D9
2015-01-01 06:44:26,776 INFO ams_client: AMS: found characteristics: ['9B3C81D8-57B1-4A8A-B8DF-0E56F7CA51C2', '2F7CABCE-808D-411F-9A0C-BB92BA96C102', 'C6B2F38C-23AB-46D8-A6AB-A3A870BBD5D7']
2015-01-01 06:44:26,986 INFO ams_client: AMS: supported commands -> ['VolUp', 'VolDown']
2015-01-01 06:44:26,987 INFO ams_client: AMS: subscribed to RemoteCommand (supported-commands list)
2015-01-01 06:44:27,106 INFO ams_client: AMS: subscribed to EntityUpdate notifications
2015-01-01 06:44:27,166 INFO ams_client: AMS: entity subscription write OK: 0200010203
2015-01-01 06:44:27,226 INFO ams_client: AMS raw notification: 000000d09cd183d0b7d18bd0bad0b0
2015-01-01 06:44:27,227 INFO ams_client: AMS player: Музыка
2015-01-01 06:44:27,227 INFO ams_client: State: ⏸  —  [0/0s] vol=0%
2015-01-01 06:44:27,229 INFO ams_client: AMS raw notification: 000100302c2c
2015-01-01 06:44:27,230 INFO ams_client: State: ⏸  —  [0/0s] vol=0%
2015-01-01 06:44:27,232 INFO ams_client: AMS raw notification: 000200302e34303130323031
2015-01-01 06:44:27,232 INFO ams_client: State: ⏸  —  [0/0s] vol=40%
2015-01-01 06:44:27,233 INFO ams_client: AMS: entity subscription write OK: 00000102
2015-01-01 06:44:27,234 INFO ams_client: AMS: ready
2015-01-01 06:44:27,234 INFO ancs_client: ANCS: discovering services on 10:A2:D3:83:82:50/P
2015-01-01 06:44:27,466 INFO ancs_client: ANCS: found characteristics: ['69D1D8F3-45E1-49A8-9821-9BBDFDAAD9D9', '9FBF120D-6301-42D9-8C58-25E699A21DBD', '22EAC6E9-24D6-4BB5-BE44-B36ACE7C7BFB']
2015-01-01 06:44:27,585 INFO ancs_client: ANCS: subscribed to Data Source
2015-01-01 06:44:27,706 INFO ancs_client: ANCS: +#11 [Other]
2015-01-01 06:44:27,708 INFO ancs_client: ANCS: +#12 [Other]
2015-01-01 06:44:27,709 INFO ancs_client: ANCS: +#13 [Other]
2015-01-01 06:44:27,710 INFO ancs_client: ANCS: subscribed to Notification Source — ready
2015-01-01 06:44:27,710 INFO cts_client: CTS: discovering service on 10:A2:D3:83:82:50/P
2015-01-01 06:44:27,825 INFO ancs_client: ANCS: requested attrs for #11 (16 bytes)
2015-01-01 06:44:27,828 INFO ancs_client: ANCS detail: +#11 [Other] com.google.NotebookLM: 🎧 Привычки включаются мгновенно за три попытки — Your Audio Overview is ready!
2015-01-01 06:44:27,945 INFO ancs_client: ANCS: requested attrs for #12 (16 bytes)
2015-01-01 06:44:27,947 INFO ancs_client: ANCS detail: +#12 [Other] com.google.NotebookLM: 🎧 Вселенная как запущенный программный код — Your Audio Overview is ready!
2015-01-01 06:44:28,065 INFO ancs_client: ANCS: requested attrs for #13 (16 bytes)
2015-01-01 06:44:28,068 INFO ancs_client: ANCS detail: +#13 [Other] com.google.NotebookLM: 🎧 Как информация создает материю и пространство — Your Audio Overview is ready!
2015-01-01 06:44:28,126 INFO cts_client: CTS: characteristics: ['UUID-16:2A2B (Current Time)', 'UUID-16:2A0F']
2015-01-01 06:44:28,246 INFO cts_client: CTS: 2026-06-05 15:52:24 (adjust=0x02)
2026-06-05 15:52:24,097 INFO cts_client: CTS: system clock set to Fri Jun  5 15:52:24 2026
2026-06-05 15:52:24,206 INFO cts_client: CTS: subscribed for time updates
2026-06-05 15:52:24,207 INFO carthing_runtime: phase=ready
2026-06-05 15:52:24,216 WARNING bumble.host: HCI_LE_SET_ADVERTISING_ENABLE_COMMAND failed (COMMAND_DISALLOWED_ERROR)
2026-06-05 15:52:24,216 INFO accessory_orchestrator: Visibility: phase=ready pairing_armed=False transfer_conn=True
2026-06-05 15:52:46,308 INFO ams_client: AMS: supported commands -> ['Play', 'Pause', 'Toggle', 'Next', 'Prev', 'VolUp', 'VolDown', 'Repeat', 'Shuffle', 'SkipFwd', 'SkipBack', 'Like', 'Dislike']
2026-06-05 15:52:46,310 INFO ams_client: AMS raw notification: 000100312c2c
2026-06-05 15:52:46,311 INFO ams_client: State: ▶  —  [0/0s] vol=40%
2026-06-05 15:52:46,313 INFO ams_client: AMS raw notification: 000100302c302e302c31382e383432
2026-06-05 15:52:46,313 INFO ams_client: State: ⏸  —  [19/0s] vol=40%
2026-06-05 15:52:46,315 INFO ams_client: AMS raw notification: 020000546865205365656473
2026-06-05 15:52:46,316 INFO ams_client: State: ⏸  — The Seeds [19/0s] vol=40%
2026-06-05 15:52:46,368 INFO ams_client: AMS raw notification: 0203003135382e373737
2026-06-05 15:52:46,368 INFO ams_client: State: ⏸  — The Seeds [19/159s] vol=40%
2026-06-05 15:52:46,371 INFO ams_client: AMS raw notification: 02020050757368696e2720546f6f2048617264
2026-06-05 15:52:46,371 INFO ams_client: State: ⏸ Pushin' Too Hard — The Seeds [19/159s] vol=40%
2026-06-05 15:52:46,373 INFO ams_client: AMS raw notification: 020100
2026-06-05 15:52:46,373 INFO ams_client: State: ⏸ Pushin' Too Hard — The Seeds [19/159s] vol=40%
2026-06-05 15:52:46,375 INFO ams_client: AMS raw notification: 0203003135382e373636
2026-06-05 15:52:46,376 INFO ams_client: State: ⏸ Pushin' Too Hard — The Seeds [19/159s] vol=40%
2026-06-05 15:52:46,378 INFO ams_client: AMS raw notification: 000100312c312e302c31382e383538
2026-06-05 15:52:46,378 INFO ams_client: State: ▶ Pushin' Too Hard — The Seeds [19/159s] vol=40%
2026-06-05 15:52:46,961 INFO ams_client: AMS raw notification: 000100312c312e302c31392e343834
2026-06-05 15:52:46,962 INFO ams_client: State: ▶ Pushin' Too Hard — The Seeds [19/159s] vol=40%
2026-06-05 15:52:47,081 INFO ams_client: AMS raw notification: 000100302c302e302c31392e343337
2026-06-05 15:52:47,082 INFO ams_client: State: ⏸ Pushin' Too Hard — The Seeds [19/159s] vol=40%
2026-06-05 15:54:01,822 INFO cts_client: CTS: 2026-06-05 15:54:01 (adjust=0x02)
2026-06-05 15:54:01,722 INFO cts_client: CTS: system clock set to Fri Jun  5 15:54:01 2026
