2026-06-05 15:59:47,093 INFO carthing_runtime: persistent state OK (/run/carthing-state/carthing)
2026-06-05 15:59:47,143 INFO carthing_runtime: hw capabilities: {'display_drm': True, 'backlight': True, 'touch': True, 'encoder': True, 'buttons': True, 'als_prox_tmd2772': True, 'audio_playback_t9015': True, 'audio_capture_pdm': True, 'thermal_zones': 5, 'zram': True, 'hwrng': True, 'usb_host': True, 'efuse_usid': True, 'mfi_i2c_node': True, 'mfi_i2c_name': 'apple_mfi_auth', 'mfi_auth_driver': True, 'mfi_auth_major': 509, 'mfi_auth_device': True, 'mfi_auth_open': True, 'mfi_auth_version': 7, 'mfi_auth_cert_len': 608, 'mfi_chip': True}
2026-06-05 15:59:47,144 INFO ble_transport: Opening transport hci-socket:0
2026-06-05 15:59:47,536 INFO ble_transport: Controller public address: 30:E3:D6:00:5F:A4  -> name=Car Thing (SN: QN19)
2026-06-05 15:59:47,541 INFO ble_transport: Read_Local_Name (что реально на чипе по классике): 'Car Thing (SN: QN19)'
2026-06-05 15:59:47,542 INFO ble_transport: BLE device ON — address: 30:E3:D6:00:5F:A4/P  name: Car Thing (SN: QN19)
2026-06-05 15:59:47,546 INFO carthing_runtime: GUI disabled by CARTHING_GUI_ENABLE=0
2026-06-05 15:59:47,556 INFO a2dp_bridge: A2DP SDP records installed: AudioSink + AVRCP Target (CoD loudspeaker)
2026-06-05 15:59:47,556 INFO a2dp_bridge: A2DP safe classic link-key provider installed
2026-06-05 15:59:47,560 INFO a2dp_bridge: A2DP classic CoD active: 0x240414
2026-06-05 15:59:47,561 INFO a2dp_bridge: A2DP classic connectable (not discoverable) enabled
2026-06-05 15:59:47,562 INFO a2dp_bridge: A2DP bridge started: local=30:E3:D6:00:5F:A4/P name=Car Thing (SN: QN19) trusted_sources=1 trusted_speakers=0
2026-06-05 15:59:47,563 INFO carthing_runtime: phase=ready
2026-06-05 15:59:47,585 INFO accessory_orchestrator: Sticky: continuous bonded reconnect advertising (public, NO-name, 60ms)
2026-06-05 15:59:47,585 INFO accessory_orchestrator: Visibility: phase=ready pairing_armed=False transfer_conn=True
2026-06-05 15:59:47,586 INFO carthing_runtime: iAP2 disabled by default for clean dual-mode audio pairing
2026-06-05 15:59:47,598 INFO accessory_orchestrator: Sticky: continuous bonded reconnect advertising (public, NO-name, 60ms)
2026-06-05 15:59:47,599 INFO accessory_orchestrator: Visibility: phase=ready pairing_armed=False transfer_conn=True
2026-06-05 15:59:47,615 INFO accessory_orchestrator: Sticky: continuous bonded reconnect advertising (public, NO-name, 60ms)
2026-06-05 15:59:47,615 INFO accessory_orchestrator: Visibility: phase=ready pairing_armed=False transfer_conn=True
2026-06-05 15:59:47,616 INFO carthing_runtime: apply_visibility done
2026-06-05 15:59:47,616 INFO carthing_runtime: kick_reconnect scheduled
2026-06-05 15:59:47,617 INFO carthing_runtime: runtime up — name=Car Thing (SN: QN19)
2026-06-05 15:59:47,618 INFO carthing_runtime: _render_loop started, gui=None power=None
2026-06-05 15:59:47,634 INFO accessory_orchestrator: Sticky: continuous bonded reconnect advertising (public, NO-name, 60ms)
2026-06-05 15:59:47,635 INFO accessory_orchestrator: Visibility: phase=ready pairing_armed=False transfer_conn=True
2026-06-05 15:59:47,894 INFO carthing_runtime: connected: 10:A2:D3:83:82:50/P classic=False encrypted=False
2026-06-05 15:59:47,896 WARNING bumble.host: HCI_LE_SET_ADVERTISING_ENABLE_COMMAND failed (COMMAND_DISALLOWED_ERROR)
2026-06-05 15:59:47,897 INFO carthing_runtime: requesting pairing (link not encrypted yet)
2026-06-05 15:59:48,347 INFO carthing_runtime: AMS start (encryption)
2026-06-05 15:59:48,348 INFO ams_client: AMS: discovering services on 10:A2:D3:83:82:50/P
2026-06-05 15:59:48,678 INFO ams_client: AMS: found characteristics: ['9B3C81D8-57B1-4A8A-B8DF-0E56F7CA51C2', '2F7CABCE-808D-411F-9A0C-BB92BA96C102', 'C6B2F38C-23AB-46D8-A6AB-A3A870BBD5D7']
2026-06-05 15:59:48,798 INFO ams_client: AMS: subscribed to RemoteCommand (supported-commands list)
2026-06-05 15:59:48,827 INFO ams_client: AMS: supported commands -> ['VolUp', 'VolDown']
2026-06-05 15:59:48,858 INFO ams_client: AMS: supported commands -> ['Play', 'Pause', 'Toggle', 'Next', 'Prev', 'VolUp', 'VolDown', 'Repeat', 'Shuffle', 'SkipFwd', 'SkipBack', 'Like', 'Dislike']
2026-06-05 15:59:48,948 INFO ams_client: AMS: subscribed to EntityUpdate notifications
2026-06-05 15:59:49,007 INFO ams_client: AMS: entity subscription write OK: 0200010203
2026-06-05 15:59:49,037 INFO ams_client: AMS raw notification: 020000546865205365656473
2026-06-05 15:59:49,037 INFO ams_client: State: ⏸  — The Seeds [0/0s] vol=0%
2026-06-05 15:59:49,067 INFO ams_client: AMS raw notification: 0203003135382e373636
2026-06-05 15:59:49,068 INFO ams_client: State: ⏸  — The Seeds [0/159s] vol=0%
2026-06-05 15:59:49,097 INFO ams_client: AMS raw notification: 02020050757368696e2720546f6f2048617264
2026-06-05 15:59:49,098 INFO ams_client: State: ⏸ Pushin' Too Hard — The Seeds [0/159s] vol=0%
2026-06-05 15:59:49,127 INFO ams_client: AMS raw notification: 020100
2026-06-05 15:59:49,127 INFO ams_client: State: ⏸ Pushin' Too Hard — The Seeds [0/159s] vol=0%
2026-06-05 15:59:49,157 INFO ams_client: AMS: entity subscription write OK: 00000102
2026-06-05 15:59:49,157 INFO ams_client: AMS: ready
2026-06-05 15:59:49,157 INFO ancs_client: ANCS: discovering services on 10:A2:D3:83:82:50/P
2026-06-05 15:59:49,187 INFO ams_client: AMS raw notification: 000000d09cd183d0b7d18bd0bad0b0
2026-06-05 15:59:49,187 INFO ams_client: AMS player: Музыка
2026-06-05 15:59:49,188 INFO ams_client: State: ⏸ Pushin' Too Hard — The Seeds [0/159s] vol=0%
2026-06-05 15:59:49,217 INFO ams_client: AMS raw notification: 000100302c302e302c32362e373031
2026-06-05 15:59:49,218 INFO ams_client: State: ⏸ Pushin' Too Hard — The Seeds [27/159s] vol=0%
2026-06-05 15:59:49,247 INFO ams_client: AMS raw notification: 000200302e34303130323031
2026-06-05 15:59:49,247 INFO ams_client: State: ⏸ Pushin' Too Hard — The Seeds [27/159s] vol=40%
2026-06-05 15:59:49,458 INFO ancs_client: ANCS: found characteristics: ['69D1D8F3-45E1-49A8-9821-9BBDFDAAD9D9', '9FBF120D-6301-42D9-8C58-25E699A21DBD', '22EAC6E9-24D6-4BB5-BE44-B36ACE7C7BFB']
2026-06-05 15:59:49,578 INFO ancs_client: ANCS: subscribed to Data Source
2026-06-05 15:59:49,698 INFO ancs_client: ANCS: subscribed to Notification Source — ready
2026-06-05 15:59:49,698 INFO cts_client: CTS: discovering service on 10:A2:D3:83:82:50/P
2026-06-05 15:59:49,727 INFO ancs_client: ANCS: +#11 [Other]
2026-06-05 15:59:49,757 INFO ancs_client: ANCS: +#12 [Other]
2026-06-05 15:59:49,787 INFO ancs_client: ANCS: +#13 [Other]
2026-06-05 15:59:49,878 INFO ancs_client: ANCS: requested attrs for #11 (16 bytes)
2026-06-05 15:59:49,909 INFO ancs_client: ANCS detail: +#11 [Other] com.google.NotebookLM: 🎧 Привычки включаются мгновенно за три попытки — Your Audio Overview is ready!
2026-06-05 15:59:49,998 INFO ancs_client: ANCS: requested attrs for #12 (16 bytes)
2026-06-05 15:59:50,029 INFO ancs_client: ANCS detail: +#12 [Other] com.google.NotebookLM: 🎧 Вселенная как запущенный программный код — Your Audio Overview is ready!
2026-06-05 15:59:50,148 INFO ancs_client: ANCS: requested attrs for #13 (16 bytes)
2026-06-05 15:59:50,179 INFO ancs_client: ANCS detail: +#13 [Other] com.google.NotebookLM: 🎧 Как информация создает материю и пространство — Your Audio Overview is ready!
2026-06-05 15:59:50,208 INFO cts_client: CTS: characteristics: ['UUID-16:2A2B (Current Time)', 'UUID-16:2A0F']
2026-06-05 15:59:50,328 INFO cts_client: CTS: 2026-06-05 15:59:50 (adjust=0x02)
2026-06-05 15:59:50,328 INFO cts_client: CTS: system clock set to Fri Jun  5 15:59:50 2026
2026-06-05 15:59:50,437 INFO cts_client: CTS: subscribed for time updates
2026-06-05 15:59:50,447 WARNING bumble.host: HCI_LE_SET_ADVERTISING_ENABLE_COMMAND failed (COMMAND_DISALLOWED_ERROR)
2026-06-05 15:59:50,447 INFO accessory_orchestrator: Visibility: phase=ready pairing_armed=False transfer_conn=True
2026-06-05 15:59:50,917 INFO ancs_client: ANCS: +#28 [Email]
2026-06-05 15:59:50,977 INFO ancs_client: ANCS: requested attrs for #28 (16 bytes)
2026-06-05 15:59:51,038 INFO ancs_client: ANCS detail: +#28 [Email] com.apple.mobilemail: eBay — Your latest financial statement is ready to view or download Hi Andrei, Your financial statement for May-01-26 through May-31-26 has been generated. See statement Email Reference ID: [#05230958f4cd490c88b06918bfcae60c] Please see our Payments Terms of Use.
