2026-06-04 21:34:15,998 INFO run_local: run_local: transport=tcp-client:172.16.42.77:6402 mac_display=True web_display=False
/opt/homebrew/lib/python3.14/site-packages/pygame/pkgdata.py:25: UserWarning: pkg_resources is deprecated as an API. See https://setuptools.pypa.io/en/latest/pkg_resources.html. The pkg_resources package is slated for removal as early as 2025-11-30. Refrain from using this package or pin to Setuptools<81.
  from pkg_resources import resource_stream, resource_exists
pygame 2.6.1 (SDL 2.32.10, Python 3.14.3)
Hello from the pygame community. https://www.pygame.org/contribute.html
2026-06-04 21:34:16,129 INFO run_local: run_local: pygame window mode — окно появится сейчас
2026-06-04 21:34:16,306 INFO mac_display: MacDisplay init: scale=1.00 800x480
2026-06-04 21:34:16,350 INFO carthing_runtime: persistent state OK (local-state/state/carthing)
2026-06-04 21:34:16,352 INFO carthing_runtime: hw capabilities: {}
2026-06-04 21:34:16,352 INFO ble_transport: Opening transport tcp-client:172.16.42.77:6402
2026-06-04 21:34:16,523 INFO ble_transport: Controller public address: 30:E3:D6:00:5F:A4  -> name=Car Thing (SN: QN19)
2026-06-04 21:34:16,528 INFO ble_transport: Read_Local_Name (что реально на чипе по классике): 'Car Thing (SN: QN19)'
2026-06-04 21:34:16,528 WARNING ble_transport: sethostname(Car Thing (SN: QN19)) failed: [Errno 1] Operation not permitted
2026-06-04 21:34:16,528 INFO ble_transport: BLE device ON — address: 30:E3:D6:00:5F:A4/P  name: Car Thing (SN: QN19)
2026-06-04 21:34:16,555 INFO carthing_runtime: GUI active (modular Compositor)
2026-06-04 21:34:16,555 INFO power_policy: Power: no backlight sysfs; idle policy disabled
2026-06-04 21:34:16,556 INFO a2dp_bridge: A2DP SDP records installed: AudioSink + AVRCP Target (CoD loudspeaker)
2026-06-04 21:34:16,556 INFO a2dp_bridge: A2DP safe classic link-key provider installed
2026-06-04 21:34:16,559 INFO a2dp_bridge: A2DP classic CoD active: 0x240414
2026-06-04 21:34:16,560 INFO a2dp_bridge: A2DP classic connectable (not discoverable) enabled
2026-06-04 21:34:16,560 INFO a2dp_bridge: A2DP bridge started: local=30:E3:D6:00:5F:A4/P name=Car Thing (SN: QN19) trusted_sources=0 trusted_speakers=1
2026-06-04 21:34:16,560 INFO a2dp_bridge: A2DP speaker standby skipped (not paired, no link-key): C4:A9:B8:70:2F:E5
2026-06-04 21:34:16,571 INFO accessory_orchestrator: Visibility: phase=pairing pairing_armed=False transfer_conn=True
2026-06-04 21:34:16,573 INFO iap2_service: iAP2 SDP installed: uuid=00000000-DECA-FADE-DECA-DEAFDECACAFF (iAP2 Accessory) rfcomm_channel=3
2026-06-04 21:34:16,573 INFO iap2_service: iAP2 RFCOMM server listening on channel 3 (mfi_available=True)
2026-06-04 21:34:16,579 INFO accessory_orchestrator: Visibility: phase=pairing pairing_armed=False transfer_conn=True
2026-06-04 21:34:16,588 INFO accessory_orchestrator: Visibility: phase=pairing pairing_armed=False transfer_conn=True
2026-06-04 21:34:16,588 INFO carthing_runtime: apply_visibility done
2026-06-04 21:34:16,591 INFO accessory_orchestrator: Pairing mode: address resolution OFF (clean first-try pairing)
2026-06-04 21:34:16,604 INFO accessory_orchestrator: General pairing advertising started (public, scan-name, flags=0x1a LE General,BR/EDR C,BR/EDR H)
2026-06-04 21:34:16,604 INFO accessory_orchestrator: Visibility: phase=pairing pairing_armed=True transfer_conn=True
2026-06-04 21:34:16,604 INFO carthing_runtime: auto pairing armed (CAR_THING_AUTO_PAIRING=1)
2026-06-04 21:34:16,604 INFO carthing_runtime: kick_reconnect scheduled
2026-06-04 21:34:16,604 INFO carthing_runtime: runtime up — name=Car Thing (SN: QN19)
2026-06-04 21:34:16,604 INFO carthing_runtime: _render_loop started, gui=<gui_controller.GuiController object at 0x107a012b0> power=<power_policy.IdlePowerController object at 0x107aaee40>
2026-06-04 21:34:16,608 ERROR asyncio: Task exception was never retrieved
future: <Task finished name='Task-7' coro=<start() done, defined at overlay/usr/lib/carthing/input_handler.py:101> exception=FileNotFoundError(2, 'No such file or directory')>
Traceback (most recent call last):
  File "overlay/usr/lib/carthing/input_handler.py", line 249, in start
    await _read_events('/dev/input/event1', on_encoder)
  File "overlay/usr/lib/carthing/input_handler.py", line 84, in _read_events
    fd = os.open(path, os.O_RDONLY | os.O_NONBLOCK)
FileNotFoundError: [Errno 2] No such file or directory: '/dev/input/event1'
2026-06-04 21:34:16,625 INFO accessory_orchestrator: General pairing advertising started (public, scan-name, flags=0x1a LE General,BR/EDR C,BR/EDR H)
2026-06-04 21:34:16,626 INFO accessory_orchestrator: Visibility: phase=pairing pairing_armed=True transfer_conn=True
2026-06-04 21:34:28,562 INFO a2dp_bridge: A2DP speaker standby skipped (not paired, no link-key): C4:A9:B8:70:2F:E5
2026-06-04 21:34:40,570 INFO a2dp_bridge: A2DP speaker standby skipped (not paired, no link-key): C4:A9:B8:70:2F:E5
2026-06-04 21:34:52,571 INFO a2dp_bridge: A2DP speaker standby skipped (not paired, no link-key): C4:A9:B8:70:2F:E5
2026-06-04 21:35:04,573 INFO a2dp_bridge: A2DP speaker standby skipped (not paired, no link-key): C4:A9:B8:70:2F:E5
2026-06-04 21:35:16,575 INFO a2dp_bridge: A2DP speaker standby skipped (not paired, no link-key): C4:A9:B8:70:2F:E5
2026-06-04 21:35:18,052 INFO carthing_runtime: connected: 6D:26:77:35:2B:2B classic=False encrypted=False
2026-06-04 21:35:18,052 INFO carthing_runtime: requesting pairing (link not encrypted yet)
2026-06-04 21:35:21,381 INFO carthing_runtime: AMS start (encryption)
2026-06-04 21:35:21,382 INFO ams_client: AMS: discovering services on 6D:26:77:35:2B:2B
2026-06-04 21:35:21,770 INFO ams_client: AMS: found characteristics: ['9B3C81D8-57B1-4A8A-B8DF-0E56F7CA51C2', '2F7CABCE-808D-411F-9A0C-BB92BA96C102', 'C6B2F38C-23AB-46D8-A6AB-A3A870BBD5D7']
2026-06-04 21:35:21,892 INFO ams_client: AMS: subscribed to RemoteCommand (supported-commands list)
2026-06-04 21:35:21,919 INFO ams_client: AMS: supported commands -> ['VolUp', 'VolDown']
2026-06-04 21:35:21,950 INFO ams_client: AMS: supported commands -> ['Play', 'Pause', 'Toggle', 'Next', 'Prev', 'VolUp', 'VolDown', 'Repeat', 'Shuffle', 'SkipFwd', 'SkipBack', 'Like', 'Dislike']
2026-06-04 21:35:22,039 INFO ams_client: AMS: subscribed to EntityUpdate notifications
2026-06-04 21:35:22,099 INFO ams_client: AMS: entity subscription write OK: 0200010203
2026-06-04 21:35:22,129 INFO ams_client: AMS raw notification: 020000546865205365656473
2026-06-04 21:35:22,129 INFO ams_client: State: ⏸  — The Seeds [0/0s] vol=0%
2026-06-04 21:35:22,159 INFO ams_client: AMS raw notification: 0203003135382e373636
2026-06-04 21:35:22,159 INFO ams_client: State: ⏸  — The Seeds [0/159s] vol=0%
2026-06-04 21:35:22,189 INFO ams_client: AMS raw notification: 02020050757368696e2720546f6f2048617264
2026-06-04 21:35:22,189 INFO ams_client: State: ⏸ Pushin' Too Hard — The Seeds [0/159s] vol=0%
2026-06-04 21:35:22,219 INFO ams_client: AMS raw notification: 020100
2026-06-04 21:35:22,219 INFO ams_client: State: ⏸ Pushin' Too Hard — The Seeds [0/159s] vol=0%
2026-06-04 21:35:22,249 INFO ams_client: AMS: entity subscription write OK: 00000102
2026-06-04 21:35:22,249 INFO ams_client: AMS: ready
2026-06-04 21:35:22,249 INFO ancs_client: ANCS: discovering services on 6D:26:77:35:2B:2B
2026-06-04 21:35:22,279 INFO ams_client: AMS raw notification: 000000d09cd183d0b7d18bd0bad0b0
2026-06-04 21:35:22,279 INFO ams_client: AMS player: Музыка
2026-06-04 21:35:22,279 INFO ams_client: State: ⏸ Pushin' Too Hard — The Seeds [0/159s] vol=0%
2026-06-04 21:35:22,309 INFO ams_client: AMS raw notification: 000100302c302e302c31382e383431
2026-06-04 21:35:22,309 INFO ams_client: State: ⏸ Pushin' Too Hard — The Seeds [19/159s] vol=0%
2026-06-04 21:35:22,339 INFO ams_client: AMS raw notification: 000200302e32373630323031
2026-06-04 21:35:22,339 INFO ams_client: State: ⏸ Pushin' Too Hard — The Seeds [19/159s] vol=28%
2026-06-04 21:35:22,549 INFO ancs_client: ANCS: found characteristics: ['69D1D8F3-45E1-49A8-9821-9BBDFDAAD9D9', '9FBF120D-6301-42D9-8C58-25E699A21DBD', '22EAC6E9-24D6-4BB5-BE44-B36ACE7C7BFB']
2026-06-04 21:35:22,669 INFO ancs_client: ANCS: subscribed to Data Source
2026-06-04 21:35:22,789 INFO ancs_client: ANCS: subscribed to Notification Source — ready
2026-06-04 21:35:22,789 INFO cts_client: CTS: discovering service on 6D:26:77:35:2B:2B
2026-06-04 21:35:23,030 INFO cts_client: CTS: characteristics: ['UUID-16:2A2B (Current Time)', 'UUID-16:2A0F']
2026-06-04 21:35:23,149 INFO cts_client: CTS: 2026-06-04 21:35:22 (adjust=0x02)
2026-06-04 21:35:23,150 INFO cts_client: CTS: settimeofday unavailable (dlopen(libc.so.6, 0x0006): tried: 'libc.so.6' (no such file), '/System/Volumes/Preboot/Cryptexes/OSlibc.so.6' (no such file), '/opt/homebrew/lib/libc.so.6' (no such file), '/System/Volumes/Preboot/Cryptexes/OS/opt/homebrew/lib/libc.so.6' (no such file), '/opt/homebrew/lib/libc.so.6' (no such file), '/System/Volumes/Preboot/Cryptexes/OS/opt/homebrew/lib/libc.so.6' (no such file), '/usr/lib/libc.so.6' (no such file, not in dyld cache), 'libc.so.6' (no such file))
2026-06-04 21:35:23,269 INFO cts_client: CTS: subscribed for time updates
2026-06-04 21:35:23,273 INFO carthing_runtime: trusted sources synced after AMS: 10:A2:D3:83:82:50
2026-06-04 21:35:23,273 INFO carthing_runtime: phase=ready
2026-06-04 21:35:23,279 INFO accessory_orchestrator: Visibility: phase=ready pairing_armed=False transfer_conn=True
2026-06-04 21:35:24,281 INFO carthing_runtime: post-pair classic probe: dialing 10:A2:D3:83:82:50 (encryption)
2026-06-04 21:35:24,281 INFO a2dp_bridge: A2DP source classic dial (CarThing-initiated): 10:A2:D3:83:82:50
2026-06-04 21:35:26,912 INFO carthing_runtime: connected: 10:A2:D3:83:82:50/P classic=True encrypted=False
2026-06-04 21:35:26,912 INFO a2dp_bridge: Classic BT connection: 10:A2:D3:83:82:50/P handle=13 encrypted=False
2026-06-04 21:35:26,916 INFO a2dp_bridge: A2DP classic link-key found for 10:A2:D3:83:82:50/P
2026-06-04 21:35:27,117 WARNING a2dp_bridge: A2DP source classic link-key marked stale: 10:A2:D3:83:82:50
2026-06-04 21:35:27,117 WARNING a2dp_bridge: A2DP source dial auth/encrypt failed: HCI_Error(hci/HCI_AUTHENTICATION_FAILURE_ERROR [0x5])
2026-06-04 21:35:27,117 WARNING carthing_runtime: post-pair classic probe failed for 10:A2:D3:83:82:50: HCI_Error(hci/HCI_AUTHENTICATION_FAILURE_ERROR [0x5])
2026-06-04 21:35:27,121 INFO accessory_orchestrator: Visibility: phase=ready pairing_armed=False transfer_conn=True
2026-06-04 21:35:28,577 INFO a2dp_bridge: A2DP speaker standby skipped (not paired, no link-key): C4:A9:B8:70:2F:E5
2026-06-04 21:35:40,579 INFO a2dp_bridge: A2DP speaker standby skipped (not paired, no link-key): C4:A9:B8:70:2F:E5
2026-06-04 21:35:52,583 INFO a2dp_bridge: A2DP speaker standby skipped (not paired, no link-key): C4:A9:B8:70:2F:E5
2026-06-04 21:36:04,585 INFO a2dp_bridge: A2DP speaker standby skipped (not paired, no link-key): C4:A9:B8:70:2F:E5
2026-06-04 21:36:16,587 INFO a2dp_bridge: A2DP speaker standby skipped (not paired, no link-key): C4:A9:B8:70:2F:E5
2026-06-04 21:36:28,589 INFO a2dp_bridge: A2DP speaker standby skipped (not paired, no link-key): C4:A9:B8:70:2F:E5
