
=== kernel ===
Linux version 4.9.113 (nixbld@localhost) (gcc version 6.5.0 (GCC) ) #1-NixOS SMP PREEMPT Tue Jan 1 00:00:00 UTC 1980
ramoops.pstore_en=1 ramoops.record_size=0x8000 ramoops.console_size=0x4000 rootfstype=ext4 console=ttyS0,115200n8 no_console_suspend earlycon=aml-uart,0xff803000 root=/dev/mmcblk0p2 rootwait init=/bin/init reboot_mode_android=normal logo=osd0,loaded,0x1f800000 fb_width=480 fb_height=800 vout=panel,enable panel_type=lcd_8 frac_rate_policy=1 osd_reverse=0 video_reverse=0 irq_check_en=0 androidboot.selinux=enforcing androidboot.firstboot=0 jtag=disable uboot_version=v1.0-74-gfd61b37038 androidboot.hardware=amlogic androidboot.slot_suffix=_aSxj‹ňY^ş+Ľ¸TUë32ć WTÝľö

=== cpu ===
CPU implementer	: 0x41
CPU part	: 0xd03
CPU implementer	: 0x41
CPU part	: 0xd03
CPU implementer	: 0x41
CPU part	: 0xd03
CPU implementer	: 0x41
CPU part	: 0xd03
Serial		: 280c1000010c20000018373839414850
Hardware	: Amlogic

=== loaded modules ===

=== /proc/devices (char + block) ===
Character devices:
  1 mem
  2 pty
257 dsp
  3 ttyp
  4 /dev/vc/0
  4 tty
  5 /dev/tty
  5 /dev/console
  5 /dev/ptmx
  7 vcs
264 amvideo
 10 misc
266 amaudio
 13 input
269 vfm
271 vad
272 videosync
 29 fb
 81 video4linux
 89 i2c
116 alsa
128 ptm
136 pts
153 spi
166 ttyACM
180 usb
188 ttyUSB
189 usb_device
216 rfcomm
226 drm
235 audio_data_debug
236 unifykeys
237 amvecm
238 display2
239 amvideo_poll
240 media-configs-dev
241 efuse
242 ttyS
243 hidraw
244 uio
245 bsg
246 watchdog
247 display
248 lcd
249 iio
250 ptp
251 pps
252 rtc
253 amvdac
254 gpiochip

Block devices:
259 blkext
  7 loop
179 mmc
253 device-mapper
254 zram

=== /proc/partitions ===
major minor  #blocks  name

 179        0    3817472 mmcblk0
 179        1      32768 mmcblk0p1
 179        2    3641344 mmcblk0p2
 179       96       4096 mmcblk0rpmb
 179       64       4096 mmcblk0boot1
 179       32       4096 mmcblk0boot0

=== /proc/asound/cards ===
 0 [AMLAUGESOUND   ]: AML-AUGESOUND - AML-AUGESOUND
                      AML-AUGESOUND

=== /proc/asound/devices ===
  0: [ 0]   : control
 24: [ 0- 0]: digital audio capture
 33:        : timer

=== /dev/snd ===
total 0
drwxr-xr-x    2 root     root           100 Jan  1  1970 .
drwxr-xr-x    8 root     root          4380 Jan  1 00:00 ..
crw-------    1 root     root      116,   0 Jan  1  1970 controlC0
crw-------    1 root     root      116,  24 Jan  1  1970 pcmC0D0c
crw-------    1 root     root      116,  33 Jan  1  1970 timer

=== /proc/asound/card0 overview ===
total 0
dr-xr-xr-x    3 root     root             0 Jan  1 10:40 .
dr-xr-xr-x    3 root     root             0 Jan  1 10:40 ..
-r--r--r--    1 root     root             0 Jan  1 10:40 id
dr-xr-xr-x    3 root     root             0 Jan  1 10:40 pcm0c
id: AMLAUGESOUND

=== /proc/asound/card0/pcm0c ===
total 0
dr-xr-xr-x    3 root     root             0 Jan  1 10:40 .
dr-xr-xr-x    3 root     root             0 Jan  1 10:40 ..
-r--r--r--    1 root     root             0 Jan  1 10:40 info
dr-xr-xr-x    2 root     root             0 Jan  1 10:40 sub0
card: 0
device: 0
subdevice: 0
stream: CAPTURE
id: PDM-dummy-alsaPORT-pdm dummy-0
name: 
subname: subdevice #0
class: 0
subclass: 0
subdevices_count: 1
subdevices_avail: 1

=== /sys/class/sound ===
total 0
drwxr-xr-x    2 root     root             0 Jan  1 10:40 .
drwxr-xr-x   72 root     root             0 Jan  1 00:00 ..
lrwxrwxrwx    1 root     root             0 Jan  1 10:40 card0 -> ../../devices/platform/auge_sound/sound/card0
lrwxrwxrwx    1 root     root             0 Jan  1 10:40 controlC0 -> ../../devices/platform/auge_sound/sound/card0/controlC0
lrwxrwxrwx    1 root     root             0 Jan  1 10:40 pcmC0D0c -> ../../devices/platform/auge_sound/sound/card0/pcmC0D0c
lrwxrwxrwx    1 root     root             0 Jan  1 10:40 timer -> ../../devices/virtual/sound/timer

=== /sys/class/backlight ===
total 0
drwxr-xr-x    2 root     root             0 Jan  1 10:40 .
drwxr-xr-x   72 root     root             0 Jan  1 00:00 ..
lrwxrwxrwx    1 root     root             0 Jan  1 10:40 aml-bl -> ../../devices/platform/backlight/backlight/aml-bl

=== /sys/class/backlight/aml-bl details ===
actual_brightness: 100
brightness: 100
max_brightness: 255
type: raw

=== /sys/class/leds ===
(no dir: /sys/class/leds)

=== /sys/bus/iio/devices (sensors) ===
total 0
drwxr-xr-x    2 root     root             0 Jan  1 10:40 .
drwxr-xr-x    4 root     root             0 Jan  1 10:40 ..
lrwxrwxrwx    1 root     root             0 Jan  1 10:40 iio:device0 -> ../../../devices/platform/soc/ffd00000.cbus/ffd1d000.i2c/i2c-2/2-0039/iio:device0
lrwxrwxrwx    1 root     root             0 Jan  1 10:40 iio:device1 -> ../../../devices/platform/ff809000.saradc/iio:device1

=== /sys/bus/iio/devices/iio:device0 details ===
name: tmd2772
in_intensity0_raw: 84
in_intensity1_raw: 38
in_proximity0_raw: 0

=== /sys/bus/iio/devices/iio:device1 details ===
name: meson-g12a-saradc
in_voltage0_mean_raw: 2245
in_voltage0_raw: 2246
in_voltage1_mean_raw: 1337
in_voltage1_raw: 1336
in_voltage2_mean_raw: 2237
in_voltage2_raw: 2237
in_voltage3_mean_raw: 2253
in_voltage3_raw: 2254
in_voltage4_mean_raw: 2236
in_voltage4_raw: 2235
in_voltage5_mean_raw: 1824
in_voltage5_raw: 1820
in_voltage6_mean_raw: 1883
in_voltage6_raw: 1877
in_voltage7_mean_raw: 504
in_voltage7_raw: 418
in_voltage_scale: 439.453125000

=== /sys/class/thermal ===
total 0
drwxr-xr-x    2 root     root             0 Jan  1 10:40 .
drwxr-xr-x   72 root     root             0 Jan  1 00:00 ..
lrwxrwxrwx    1 root     root             0 Jan  1 10:40 cooling_device0 -> ../../devices/virtual/thermal/cooling_device0
lrwxrwxrwx    1 root     root             0 Jan  1 10:40 cooling_device1 -> ../../devices/virtual/thermal/cooling_device1
lrwxrwxrwx    1 root     root             0 Jan  1 10:40 thermal_zone0 -> ../../devices/virtual/thermal/thermal_zone0
lrwxrwxrwx    1 root     root             0 Jan  1 10:40 thermal_zone1 -> ../../devices/virtual/thermal/thermal_zone1
lrwxrwxrwx    1 root     root             0 Jan  1 10:40 thermal_zone2 -> ../../devices/virtual/thermal/thermal_zone2
lrwxrwxrwx    1 root     root             0 Jan  1 10:40 thermal_zone3 -> ../../devices/virtual/thermal/thermal_zone3
lrwxrwxrwx    1 root     root             0 Jan  1 10:40 thermal_zone4 -> ../../devices/virtual/thermal/thermal_zone4
/sys/class/thermal/thermal_zone0: type=soc_thermal temp=31300
/sys/class/thermal/thermal_zone1: type=ddr_thermal temp=31500
/sys/class/thermal/thermal_zone2: type=bluetooth_thermal temp=24021
/sys/class/thermal/thermal_zone3: type=dram_thermal temp=29937
/sys/class/thermal/thermal_zone4: type=pcb_thermal temp=29979

=== /sys/bus/i2c/devices ===
total 0
drwxr-xr-x    2 root     root             0 Jan  1 10:40 .
drwxr-xr-x    4 root     root             0 Jan  1 10:40 ..
lrwxrwxrwx    1 root     root             0 Jan  1 10:40 0-002e -> ../../../devices/platform/soc/ffd00000.cbus/ffd1f000.i2c/i2c-0/0-002e
lrwxrwxrwx    1 root     root             0 Jan  1 10:40 2-0018 -> ../../../devices/platform/soc/ffd00000.cbus/ffd1d000.i2c/i2c-2/2-0018
lrwxrwxrwx    1 root     root             0 Jan  1 10:40 2-0039 -> ../../../devices/platform/soc/ffd00000.cbus/ffd1d000.i2c/i2c-2/2-0039
lrwxrwxrwx    1 root     root             0 Jan  1 10:40 3-0010 -> ../../../devices/platform/soc/ffd00000.cbus/ffd1c000.i2c/i2c-3/3-0010
lrwxrwxrwx    1 root     root             0 Jan  1 10:40 i2c-0 -> ../../../devices/platform/soc/ffd00000.cbus/ffd1f000.i2c/i2c-0
lrwxrwxrwx    1 root     root             0 Jan  1 10:40 i2c-2 -> ../../../devices/platform/soc/ffd00000.cbus/ffd1d000.i2c/i2c-2
lrwxrwxrwx    1 root     root             0 Jan  1 10:40 i2c-3 -> ../../../devices/platform/soc/ffd00000.cbus/ffd1c000.i2c/i2c-3

=== /sys/bus/spi/devices ===
total 0
drwxr-xr-x    2 root     root             0 Jan  1 10:40 .
drwxr-xr-x    4 root     root             0 Jan  1 10:40 ..

=== /sys/class/drm ===
total 0
drwxr-xr-x    2 root     root             0 Jan  1 10:40 .
drwxr-xr-x   72 root     root             0 Jan  1 00:00 ..
lrwxrwxrwx    1 root     root             0 Jan  1 10:40 card0 -> ../../devices/platform/drm-subsystem/drm/card0
lrwxrwxrwx    1 root     root             0 Jan  1 10:40 card0-LVDS-1 -> ../../devices/platform/drm-subsystem/drm/card0/card0-LVDS-1
lrwxrwxrwx    1 root     root             0 Jan  1 10:40 controlD64 -> ../../devices/platform/drm-subsystem/drm/controlD64
-r--r--r--    1 root     root          4096 Jan  1 10:40 version

=== /sys/class/gpio (exported) ===
total 0
drwxr-xr-x    2 root     root             0 Jan  1 00:00 .
drwxr-xr-x   72 root     root             0 Jan  1 00:00 ..
--w-------    1 root     root          4096 Jan  1 00:00 export
lrwxrwxrwx    1 root     root             0 Jan  1 00:00 gpio493 -> ../../devices/platform/pinctrl@ff634480/gpiochip1/gpio/gpio493
lrwxrwxrwx    1 root     root             0 Jan  1 10:40 gpiochip410 -> ../../devices/platform/pinctrl@ff634480/gpio/gpiochip410
lrwxrwxrwx    1 root     root             0 Jan  1 10:40 gpiochip496 -> ../../devices/platform/pinctrl@ff800014/gpio/gpiochip496
--w-------    1 root     root          4096 Jan  1 10:40 unexport

=== /sys/class/rtc ===
total 0
drwxr-xr-x    2 root     root             0 Jan  1 10:40 .
drwxr-xr-x   72 root     root             0 Jan  1 00:00 ..
lrwxrwxrwx    1 root     root             0 Jan  1 10:40 rtc0 -> ../../devices/platform/rtc/rtc/rtc0

=== /sys/class/power_supply ===
total 0
drwxr-xr-x    2 root     root             0 Jan  1 10:40 .
drwxr-xr-x   72 root     root             0 Jan  1 00:00 ..

=== /sys/class/net ===
total 0
drwxr-xr-x    2 root     root             0 Jan  1 00:00 .
drwxr-xr-x   72 root     root             0 Jan  1 00:00 ..
lrwxrwxrwx    1 root     root             0 Jan  1 00:00 ip6_vti0 -> ../../devices/virtual/net/ip6_vti0
lrwxrwxrwx    1 root     root             0 Jan  1 00:00 ip6tnl0 -> ../../devices/virtual/net/ip6tnl0
lrwxrwxrwx    1 root     root             0 Jan  1 00:00 ip_vti0 -> ../../devices/virtual/net/ip_vti0
lrwxrwxrwx    1 root     root             0 Jan  1 00:00 lo -> ../../devices/virtual/net/lo
lrwxrwxrwx    1 root     root             0 Jan  1 00:00 sit0 -> ../../devices/virtual/net/sit0
lrwxrwxrwx    1 root     root             0 Jan  1 00:00 tunl0 -> ../../devices/virtual/net/tunl0
lrwxrwxrwx    1 root     root             0 Jan  1 00:00 usb0 -> ../../devices/platform/ff400000.dwc2_a/gadget/net/usb0

=== /sys/firmware/devicetree (top) ===
#address-cells
#size-cells
__symbols__
aliases
aml_dma
aml_reboot
aml_snd_iomap
amlogic-dt-id
amlvecm
amvenc_avc
arm_pmu
audio_data
auge_sound
backlight
bifrost
bl_extern
bl_pwm_conf
bluetooth
canvas
chosen
codec_io
codec_mm
compatible
cpu_info
cpu_iomap
cpu_opp_table0
cpu_opp_table1
cpu_opp_table2
cpu_ver_name
cpufreq-meson

=== dmesg (head) ===
[    0.000000@0] Booting Linux on physical CPU 0x0
[    0.000000@0] Linux version 4.9.113 (nixbld@localhost) (gcc version 6.5.0 (GCC) ) #1-NixOS SMP PREEMPT Tue Jan 1 00:00:00 UTC 1980
[    0.000000@0] Boot CPU: AArch64 Processor [410fd034]
[    0.000000@0] efi: Getting EFI parameters from FDT:
[    0.000000@0] efi: UEFI not found.
[    0.000000@0] OF: reserved mem: __reserved_mem_alloc_size, start:0x0000000005000000, end:0x0000000005400000, len:4 MiB
[    0.000000@0] Reserved memory: created CMA memory pool at 0x0000000005000000, size 4 MiB
[    0.000000@0] OF: reserved mem: initialized node linux,secmon, compatible id shared-dma-pool
[    0.000000@0] OF: reserved mem: __reserved_mem_alloc_size, start:0x000000001f800000, end:0x0000000020000000, len:8 MiB
[    0.000000@0] Reserved memory: created CMA memory pool at 0x000000001f800000, size 8 MiB
[    0.000000@0] OF: reserved mem: initialized node linux,meson-fb, compatible id shared-dma-pool
[    0.000000@0] Reserved memory: created CMA memory pool at 0x0000000017800000, size 128 MiB
[    0.000000@0] OF: reserved mem: initialized node linux,ion-dev, compatible id shared-dma-pool
[    0.000000@0] Reserved memory: created CMA memory pool at 0x0000000015000000, size 40 MiB
[    0.000000@0] OF: reserved mem: initialized node linux,di_cma, compatible id shared-dma-pool
[    0.000000@0] Reserved memory: created DMA memory pool at 0x0000000015000000, size 0 MiB
[    0.000000@0] OF: reserved mem: initialized node linux,ppmgr, compatible id shared-dma-pool
[    0.000000@0] OF: reserved mem: failed to allocate memory for node linux,codec_mm_cma, size:308 MB
[    0.000000@0] OF: reserved mem: initialized node linux,codec_mm_reserved, compatible id amlogic, codec-mm-reserved
[    0.000000@0] Reserved memory: created CMA memory pool at 0x0000000011c00000, size 32 MiB
[    0.000000@0] OF: reserved mem: initialized node linux,vm0_cma, compatible id shared-dma-pool
[    0.000000@0] cma: Reserved 8 MiB at 0x0000000014800000
[    0.000000@0] On node 0 totalpages: 131072
[    0.000000@0]   DMA zone: 2048 pages used for memmap
[    0.000000@0]   DMA zone: 0 pages reserved
[    0.000000@0]   DMA zone: 131072 pages, LIFO batch:31
[    0.000000@0] psci: probing for conduit method from DT.
[    0.000000@0] psci: PSCIv1.0 detected in firmware.
[    0.000000@0] psci: Using standard PSCI v0.2 function IDs
[    0.000000@0] psci: MIGRATE_INFO_TYPE not supported.
[    0.000000@0] psci: SMC Calling Convention v1.1
[    0.000000@0] percpu: Embedded 24 pages/cpu @ffffffc01472a000 s60312 r8192 d29800 u98304
[    0.000000@0] pcpu-alloc: s60312 r8192 d29800 u98304 alloc=24*4096
[    0.000000@0] pcpu-alloc: [0] 0 [0] 1 [0] 2 [0] 3 
[    0.000000@0] Detected VIPT I-cache on CPU0
[    0.000000@0] CPU features: enabling workaround for ARM erratum 845719
[    0.000000@0] Built 1 zonelists in Zone order, mobility grouping on.  Total pages: 129024
[    0.000000@0] Kernel command line: ramoops.pstore_en=1 ramoops.record_size=0x8000 ramoops.console_size=0x4000 rootfstype=ext4 console=ttyS0,115200n8 no_console_suspend earlycon=aml-uart,0xff803000 root=/dev/mmcblk0p2 rootwait init=/bin/init reboot_mode_android=normal logo=osd0,loaded,0x1f800000 fb_width=480 fb_height=800 vout=panel,enable panel_type=lcd_8 frac_rate_policy=1 osd_reverse=0 video_reverse=0 irq_check_en=0 androidboot.selinux=enforcing androidboot.firstboot=0 jtag=disable uboot_version=v1.0-74-gfd61b37038 androidboot.hardware=amlogic androidboot.slot_suffix=_aSxj‹ňY^ş+Ľ¸TUë32ć WTÝľö
[    0.000000@0] fb: osd0
[    0.000000@0] fb: loaded
[    0.000000@0] fb: 0x1f800000
[    0.000000@0] fb: logo_info.fb_width=480
[    0.000000@0] fb: logo_info.fb_height=800
[    0.000000@0] vout: panel
[    0.000000@0] vout: enable: 1
[    0.000000@0] lcd: panel_type: lcd_8
[    0.000000@0] vpp_axis_reverse: bootargs is 0
[    0.000000@0] phlock_phase_config: bootargs is 0.
[    0.000000@0] PID hash table entries: 2048 (order: 2, 16384 bytes)
[    0.000000@0] Dentry cache hash table entries: 65536 (order: 7, 524288 bytes)
[    0.000000@0] Inode-cache hash table entries: 32768 (order: 6, 262144 bytes)
[    0.000000@0] Memory: 271716K/524288K available (8892K kernel code, 1058K rwdata, 2568K rodata, 2560K init, 1179K bss, 27292K reserved, 225280K cma-reserved)
[    0.000000@0] Virtual kernel memory layout:
[    0.000000@0]     modules : 0xffffff8000000000 - 0xffffff8008000000   (   128 MB)
[    0.000000@0]     vmalloc : 0xffffff8008000000 - 0xffffffbebfff0000   (   250 GB)
[    0.000000@0]       .text : 0xffffff8009080000 - 0xffffff8009930000   (  8896 KB)
[    0.000000@0]     .rodata : 0xffffff8009930000 - 0xffffff8009bc0000   (  2624 KB)
[    0.000000@0]       .init : 0xffffff8009bc0000 - 0xffffff8009e40000   (  2560 KB)
[    0.000000@0]       .data : 0xffffff8009e40000 - 0xffffff8009f48a00   (  1059 KB)
[    0.000000@0]        .bss : 0xffffff8009f48a00 - 0xffffff800a06f944   (  1180 KB)
[    0.000000@0]     fixed   : 0xffffffbefe7fd000 - 0xffffffbefec00000   (  4108 KB)
[    0.000000@0]     PCI I/O : 0xffffffbefee00000 - 0xffffffbeffe00000   (    16 MB)
[    0.000000@0]     vmemmap : 0xffffffbf00000000 - 0xffffffc000000000   (     4 GB maximum)
[    0.000000@0]               0xffffffbf00000000 - 0xffffffbf00800000   (     8 MB actual)
[    0.000000@0]     memory  : 0xffffffc000000000 - 0xffffffc020000000   (   512 MB)
[    0.000000@0] SLUB: HWalign=64, Order=0-3, MinObjects=0, CPUs=4, Nodes=1
[    0.000000@0] Preemptible hierarchical RCU implementation.
[    0.000000@0] 	Build-time adjustment of leaf fanout to 64.
[    0.000000@0] 	RCU restricting CPUs from NR_CPUS=8 to nr_cpu_ids=4.
[    0.000000@0] RCU: Adjusting geometry for rcu_fanout_leaf=64, nr_cpu_ids=4
[    0.000000@0] NR_IRQS:64 nr_irqs:64 0
[    0.000000@0] GPIO-INTC: support to detect double-edge trigger signal
[    0.000000@0] g12a_aoclkc_init: register ao clk ok!
[    0.000000@0] Meson chip version = RevC (28:C - 10:0)
[    0.000000@0] meson_g12a_sdemmc_init: register amlogic sdemmc clk
[    0.000000@0] meson_g12a_sdemmc_init: register amlogic sdemmc clk
[    0.000000@0] meson_g12a_gpu_init: register meson gpu clk
[    0.000000@0] meson_g12a_media_init: register meson media clk
[    0.000000@0] meson_g12a_misc_init: register amlogic g12a misc clks
[    0.000000@0] meson_g12a_misc_init: done.
[    0.000000@0] g12a_clkc_init initialization complete
[    0.000000@0] arm_arch_timer: Architected cp15 timer(s) running at 24.00MHz (phys).
[    0.000000@0] clocksource: arch_sys_counter: mask: 0xffffffffffffff max_cycles: 0x588fe9dc0, max_idle_ns: 440795202592 ns
[    0.000002@0] sched_clock: 56 bits at 24MHz, resolution 41ns, wraps every 4398046511097ns
[    0.000026@0] meson_bc_timer: mclk->mux_reg =ffffff800800c190,mclk->reg =ffffff800800e194
[    0.000433@0] Console: colour dummy device 80x25
[    0.000448@0] Calibrating delay loop (skipped), value calculated using timer frequency.. 48.00 BogoMIPS (lpj=96000)
[    0.000457@0] pid_max: default: 32768 minimum: 301
[    0.000492@0] thread_stack_cache_init, vmap:ffffffc01142a000, bitmap:ffffffc01141b000, cache page:11440
[    0.000499@0] thread_stack_cache_init, allocation vm area:ffffffc011426b80, addr:ffffff8020000000, size:20001000
[    0.000505@0] cpu 0, vmap_stack:[ffffffc014732a20-ffffffc014736a10]
[    0.000510@0] cpu 0, irq_stack: [ffffffc01472a060-ffffffc01472e050]
[    0.000514@0] cpu 1, vmap_stack:[ffffffc01474aa20-ffffffc01474ea10]
[    0.000518@0] cpu 1, irq_stack: [ffffffc014742060-ffffffc014746050]
[    0.000523@0] cpu 2, vmap_stack:[ffffffc014762a20-ffffffc014766a10]
[    0.000527@0] cpu 2, irq_stack: [ffffffc01475a060-ffffffc01475e050]
[    0.000530@0] cpu 3, vmap_stack:[ffffffc01477aa20-ffffffc01477ea10]
[    0.000534@0] cpu 3, irq_stack: [ffffffc014772060-ffffffc014776050]
[    0.000584@0] Security Framework initialized
[    0.000590@0] SELinux:  Initializing.
[    0.000621@0] SELinux:  Starting in permissive mode
[    0.000646@0] Mount-cache hash table entries: 1024 (order: 1, 8192 bytes)
[    0.000652@0] Mountpoint-cache hash table entries: 1024 (order: 1, 8192 bytes)
[    0.001372@0] sched-energy: CPU device node has no sched-energy-costs
[    0.001383@0] CPU0: update cpu_capacity 1024
[    0.001397@0] ASID allocator initialised with 65536 entries
[    0.032032@0] EFI services will not be available.
[    0.080120@1] Detected VIPT I-cache on CPU1
[    0.080157@1] CPU1: update cpu_capacity 1024
[    0.080159@1] CPU1: Booted secondary processor [410fd034]
[    0.112152@2] Detected VIPT I-cache on CPU2
[    0.112178@2] CPU2: update cpu_capacity 1024
[    0.112180@2] CPU2: Booted secondary processor [410fd034]
[    0.144201@3] Detected VIPT I-cache on CPU3
[    0.144222@3] CPU3: update cpu_capacity 1024
[    0.144224@3] CPU3: Booted secondary processor [410fd034]
[    0.144282@0] Brought up 4 CPUs
[    0.144308@0] SMP: Total of 4 processors activated.
[    0.144315@0] CPU features: detected feature: 32-bit EL0 Support
[    0.144394@0] CPU: All CPU(s) started at EL2
