watching /dev/input/event0  ('gpio-keys')
watching /dev/input/event1  ('rotary@0')
watching /dev/input/event2  ('aml_vkeypad')
watching /dev/input/event3  ('tlsc6x_dbg')

Press each control once. Ctrl-C to stop.

10:34:02.541  /dev/input/event3       EV_KEY  UNKNOWN(330)                  DOWN
10:34:02.541  /dev/input/event3       TOUCH   slot0#15=(230,402,p=13)
10:34:02.597  /dev/input/event3       EV_KEY  UNKNOWN(330)                  UP
10:34:02.597  /dev/input/event3       TOUCH   (none)
10:34:06.158  /dev/input/event3       EV_KEY  UNKNOWN(330)                  DOWN
10:34:06.158  /dev/input/event3       TOUCH   slot0#16=(237,408,p=13)
10:34:06.193  /dev/input/event3       EV_KEY  UNKNOWN(330)                  UP
10:34:06.193  /dev/input/event3       TOUCH   (none)
10:34:06.375  /dev/input/event3       EV_KEY  UNKNOWN(330)                  DOWN
10:34:06.375  /dev/input/event3       TOUCH   slot0#17=(236,411,p=13)
10:34:06.410  /dev/input/event3       EV_KEY  UNKNOWN(330)                  UP
10:34:06.410  /dev/input/event3       TOUCH   (none)
10:34:11.870  /dev/input/event3       EV_KEY  UNKNOWN(330)                  DOWN
10:34:11.870  /dev/input/event3       TOUCH   slot0#18=(229,417,p=13)
10:34:14.308  /dev/input/event3       EV_KEY  UNKNOWN(330)                  UP
10:34:14.308  /dev/input/event3       TOUCH   (none)
10:34:21.075  /dev/input/event3       EV_KEY  UNKNOWN(330)                  DOWN
10:34:21.075  /dev/input/event3       TOUCH   slot0#19=(207,199,p=13)
10:34:21.088  /dev/input/event3       TOUCH   slot0#19=(207,199,p=13) slot1#20=(243,592,p=13)
10:34:21.388  /dev/input/event3       TOUCH   slot1#20=(243,592,p=13)
10:34:21.405  /dev/input/event3       EV_KEY  UNKNOWN(330)                  UP
10:34:21.405  /dev/input/event3       TOUCH   (none)
10:34:26.844  /dev/input/event3       EV_KEY  UNKNOWN(330)                  DOWN
10:34:26.844  /dev/input/event3       TOUCH   slot0#21=(204,111,p=13)
10:34:26.906  /dev/input/event3       TOUCH   slot0#21=(204,114,p=13)
10:34:26.919  /dev/input/event3       TOUCH   slot0#21=(205,121,p=13)
10:34:26.931  /dev/input/event3       TOUCH   slot0#21=(205,130,p=13)
10:34:26.943  /dev/input/event3       TOUCH   slot0#21=(206,147,p=13)
10:34:26.956  /dev/input/event3       TOUCH   slot0#21=(206,170,p=13)
10:34:26.968  /dev/input/event3       TOUCH   slot0#21=(206,198,p=13)
10:34:26.981  /dev/input/event3       TOUCH   slot0#21=(206,226,p=13)
10:34:26.993  /dev/input/event3       TOUCH   slot0#21=(206,248,p=13)
10:34:27.006  /dev/input/event3       TOUCH   slot0#21=(206,275,p=13)
10:34:27.018  /dev/input/event3       TOUCH   slot0#21=(205,303,p=13)
10:34:27.031  /dev/input/event3       TOUCH   slot0#21=(204,331,p=13)
10:34:27.042  /dev/input/event3       TOUCH   slot0#21=(204,362,p=13)
10:34:27.055  /dev/input/event3       TOUCH   slot0#21=(203,392,p=13)
10:34:27.067  /dev/input/event3       TOUCH   slot0#21=(201,422,p=13)
10:34:27.080  /dev/input/event3       TOUCH   slot0#21=(200,448,p=13)
10:34:27.092  /dev/input/event3       TOUCH   slot0#21=(198,478,p=13)
10:34:27.104  /dev/input/event3       TOUCH   slot0#21=(197,503,p=13)
10:34:27.116  /dev/input/event3       TOUCH   slot0#21=(195,529,p=13)
10:34:27.129  /dev/input/event3       TOUCH   slot0#21=(193,555,p=13)
10:34:27.141  /dev/input/event3       TOUCH   slot0#21=(192,581,p=13)
10:34:27.154  /dev/input/event3       TOUCH   slot0#21=(192,606,p=13)
10:34:27.166  /dev/input/event3       TOUCH   slot0#21=(191,632,p=13)
10:34:27.178  /dev/input/event3       TOUCH   slot0#21=(190,656,p=13)
10:34:27.191  /dev/input/event3       TOUCH   slot0#21=(189,677,p=13)
10:34:27.203  /dev/input/event3       TOUCH   slot0#21=(188,697,p=13)
10:34:27.215  /dev/input/event3       TOUCH   slot0#21=(187,713,p=13)
10:34:27.228  /dev/input/event3       TOUCH   slot0#21=(187,723,p=13)
10:34:27.240  /dev/input/event3       TOUCH   slot0#21=(187,731,p=13)
10:34:27.253  /dev/input/event3       TOUCH   slot0#21=(187,738,p=13)
10:34:27.264  /dev/input/event3       TOUCH   slot0#21=(187,744,p=13)
10:34:27.274  /dev/input/event3       EV_KEY  UNKNOWN(330)                  UP
10:34:27.274  /dev/input/event3       TOUCH   (none)
10:34:31.822  /dev/input/event3       EV_KEY  UNKNOWN(330)                  DOWN
10:34:31.822  /dev/input/event3       TOUCH   slot0#22=(422,412,p=13)
10:34:31.906  /dev/input/event3       TOUCH   slot0#22=(421,412,p=13)
10:34:31.918  /dev/input/event3       TOUCH   slot0#22=(416,413,p=13)
10:34:31.930  /dev/input/event3       TOUCH   slot0#22=(409,414,p=13)
10:34:31.942  /dev/input/event3       TOUCH   slot0#22=(398,414,p=13)
10:34:31.954  /dev/input/event3       TOUCH   slot0#22=(383,415,p=13)
10:34:31.966  /dev/input/event3       TOUCH   slot0#22=(367,416,p=13)
10:34:31.979  /dev/input/event3       TOUCH   slot0#22=(351,417,p=13)
10:34:31.991  /dev/input/event3       TOUCH   slot0#22=(336,418,p=13)
10:34:32.003  /dev/input/event3       TOUCH   slot0#22=(320,419,p=13)
10:34:32.015  /dev/input/event3       TOUCH   slot0#22=(304,420,p=13)
10:34:32.027  /dev/input/event3       TOUCH   slot0#22=(289,421,p=13)
10:34:32.039  /dev/input/event3       TOUCH   slot0#22=(275,422,p=13)
10:34:32.051  /dev/input/event3       TOUCH   slot0#22=(262,422,p=13)
10:34:32.063  /dev/input/event3       TOUCH   slot0#22=(249,422,p=13)
10:34:32.075  /dev/input/event3       TOUCH   slot0#22=(236,422,p=13)
10:34:32.087  /dev/input/event3       TOUCH   slot0#22=(223,422,p=13)
10:34:32.099  /dev/input/event3       TOUCH   slot0#22=(211,422,p=13)
10:34:32.111  /dev/input/event3       TOUCH   slot0#22=(199,422,p=13)
10:34:32.123  /dev/input/event3       TOUCH   slot0#22=(187,422,p=13)
10:34:32.135  /dev/input/event3       TOUCH   slot0#22=(175,422,p=13)
10:34:32.147  /dev/input/event3       TOUCH   slot0#22=(163,422,p=13)
10:34:32.158  /dev/input/event3       TOUCH   slot0#22=(151,422,p=13)
10:34:32.171  /dev/input/event3       TOUCH   slot0#22=(140,422,p=13)
10:34:32.183  /dev/input/event3       TOUCH   slot0#22=(129,423,p=13)
10:34:32.195  /dev/input/event3       TOUCH   slot0#22=(118,423,p=13)
10:34:32.207  /dev/input/event3       TOUCH   slot0#22=(106,424,p=13)
10:34:32.219  /dev/input/event3       TOUCH   slot0#22=(91,425,p=13)
10:34:32.231  /dev/input/event3       TOUCH   slot0#22=(78,425,p=13)
10:34:32.242  /dev/input/event3       TOUCH   slot0#22=(64,425,p=13)
10:34:32.251  /dev/input/event3       EV_KEY  UNKNOWN(330)                  UP
10:34:32.252  /dev/input/event3       TOUCH   (none)
10:34:39.752  /dev/input/event3       EV_KEY  UNKNOWN(330)                  DOWN
10:34:39.752  /dev/input/event3       TOUCH   slot0#23=(262,495,p=13)
10:34:39.765  /dev/input/event3       TOUCH   slot0#23=(262,495,p=13) slot1#24=(232,266,p=13)
10:34:40.162  /dev/input/event3       TOUCH   slot0#23=(262,495,p=13) slot1#24=(231,264,p=13)
10:34:40.174  /dev/input/event3       TOUCH   slot0#23=(262,495,p=13) slot1#24=(230,258,p=13)
10:34:40.186  /dev/input/event3       TOUCH   slot0#23=(262,495,p=13) slot1#24=(229,251,p=13)
10:34:40.198  /dev/input/event3       TOUCH   slot0#23=(262,495,p=13) slot1#24=(228,246,p=13)
10:34:40.211  /dev/input/event3       TOUCH   slot0#23=(262,502,p=13) slot1#24=(228,240,p=13)
10:34:40.222  /dev/input/event3       TOUCH   slot0#23=(261,510,p=13) slot1#24=(227,235,p=13)
10:34:40.234  /dev/input/event3       TOUCH   slot0#23=(261,517,p=13) slot1#24=(227,230,p=13)
10:34:40.246  /dev/input/event3       TOUCH   slot0#23=(260,525,p=13) slot1#24=(226,227,p=13)
10:34:40.259  /dev/input/event3       TOUCH   slot0#23=(260,531,p=13) slot1#24=(225,221,p=13)
10:34:40.270  /dev/input/event3       TOUCH   slot0#23=(259,539,p=13) slot1#24=(224,215,p=13)
10:34:40.283  /dev/input/event3       TOUCH   slot0#23=(259,551,p=13) slot1#24=(223,207,p=13)
10:34:40.294  /dev/input/event3       TOUCH   slot0#23=(259,563,p=13) slot1#24=(221,200,p=13)
10:34:40.307  /dev/input/event3       TOUCH   slot0#23=(259,575,p=13) slot1#24=(221,194,p=13)
10:34:40.318  /dev/input/event3       TOUCH   slot0#23=(259,586,p=13) slot1#24=(219,186,p=13)
10:34:40.330  /dev/input/event3       TOUCH   slot0#23=(259,596,p=13) slot1#24=(219,179,p=13)
10:34:40.342  /dev/input/event3       TOUCH   slot0#23=(259,605,p=13) slot1#24=(217,172,p=13)
10:34:40.354  /dev/input/event3       TOUCH   slot0#23=(259,614,p=13) slot1#24=(217,167,p=13)
10:34:40.367  /dev/input/event3       TOUCH   slot0#23=(259,622,p=13) slot1#24=(216,162,p=13)
10:34:40.378  /dev/input/event3       TOUCH   slot0#23=(259,629,p=13) slot1#24=(216,158,p=13)
10:34:40.391  /dev/input/event3       TOUCH   slot0#23=(259,635,p=13) slot1#24=(216,153,p=13)
10:34:40.402  /dev/input/event3       TOUCH   slot0#23=(259,640,p=13) slot1#24=(214,149,p=13)
10:34:40.415  /dev/input/event3       TOUCH   slot0#23=(259,644,p=13) slot1#24=(214,147,p=13)
10:34:40.426  /dev/input/event3       TOUCH   slot0#23=(259,648,p=13) slot1#24=(213,144,p=13)
10:34:40.438  /dev/input/event3       TOUCH   slot0#23=(259,651,p=13) slot1#24=(212,142,p=13)
10:34:40.450  /dev/input/event3       TOUCH   slot0#23=(259,655,p=13) slot1#24=(212,138,p=13)
10:34:40.463  /dev/input/event3       TOUCH   slot0#23=(259,658,p=13) slot1#24=(212,136,p=13)
10:34:40.474  /dev/input/event3       TOUCH   slot0#23=(259,661,p=13) slot1#24=(211,133,p=13)
10:34:40.486  /dev/input/event3       TOUCH   slot0#23=(259,663,p=13) slot1#24=(210,131,p=13)
10:34:40.499  /dev/input/event3       TOUCH   slot0#23=(259,665,p=13) slot1#24=(210,127,p=13)
10:34:40.511  /dev/input/event3       TOUCH   slot0#23=(259,668,p=13) slot1#24=(210,125,p=13)
10:34:40.522  /dev/input/event3       TOUCH   slot0#23=(259,669,p=13) slot1#24=(209,122,p=13)
10:34:40.534  /dev/input/event3       TOUCH   slot0#23=(259,671,p=13) slot1#24=(208,120,p=13)
10:34:40.546  /dev/input/event3       TOUCH   slot0#23=(259,672,p=13) slot1#24=(208,117,p=13)
10:34:40.559  /dev/input/event3       TOUCH   slot0#23=(259,673,p=13) slot1#24=(208,115,p=13)
10:34:40.571  /dev/input/event3       TOUCH   slot0#23=(259,674,p=13) slot1#24=(207,114,p=13)
10:34:40.583  /dev/input/event3       TOUCH   slot0#23=(259,674,p=13) slot1#24=(207,112,p=13)
10:34:40.594  /dev/input/event3       TOUCH   slot0#23=(259,674,p=13) slot1#24=(206,111,p=13)
10:34:40.607  /dev/input/event3       TOUCH   slot0#23=(259,675,p=13) slot1#24=(206,108,p=13)
10:34:40.619  /dev/input/event3       TOUCH   slot0#23=(259,676,p=13) slot1#24=(206,107,p=13)
10:34:40.631  /dev/input/event3       TOUCH   slot0#23=(259,677,p=13) slot1#24=(206,106,p=13)
10:34:40.642  /dev/input/event3       TOUCH   slot0#23=(259,678,p=13) slot1#24=(205,105,p=13)
10:34:40.655  /dev/input/event3       TOUCH   slot0#23=(259,679,p=13) slot1#24=(205,104,p=13)
10:34:40.667  /dev/input/event3       TOUCH   slot0#23=(259,680,p=13) slot1#24=(205,103,p=13)
10:34:40.679  /dev/input/event3       TOUCH   slot0#23=(259,681,p=13) slot1#24=(205,103,p=13)
10:34:40.691  /dev/input/event3       TOUCH   slot0#23=(259,682,p=13) slot1#24=(205,102,p=13)
10:34:40.715  /dev/input/event3       TOUCH   slot0#23=(259,683,p=13) slot1#24=(205,102,p=13)
10:34:40.727  /dev/input/event3       TOUCH   slot0#23=(259,684,p=13) slot1#24=(205,102,p=13)
10:34:40.739  /dev/input/event3       TOUCH   slot0#23=(259,685,p=13) slot1#24=(205,102,p=13)
10:34:40.763  /dev/input/event3       TOUCH   slot0#23=(259,686,p=13) slot1#24=(205,101,p=13)
10:34:40.775  /dev/input/event3       TOUCH   slot0#23=(259,686,p=13) slot1#24=(205,100,p=13)
10:34:40.787  /dev/input/event3       TOUCH   slot0#23=(259,686,p=13) slot1#24=(205,99,p=13)
10:34:40.799  /dev/input/event3       TOUCH   slot0#23=(259,687,p=13) slot1#24=(205,98,p=13)
10:34:40.811  /dev/input/event3       TOUCH   slot0#23=(259,687,p=13) slot1#24=(204,98,p=13)
10:34:40.823  /dev/input/event3       TOUCH   slot0#23=(259,687,p=13) slot1#24=(204,97,p=13)
10:34:40.835  /dev/input/event3       TOUCH   slot0#23=(259,687,p=13) slot1#24=(204,96,p=13)
10:34:40.847  /dev/input/event3       TOUCH   slot0#23=(259,687,p=13) slot1#24=(204,95,p=13)
10:34:40.859  /dev/input/event3       TOUCH   slot0#23=(259,687,p=13) slot1#24=(204,94,p=13)
10:34:40.943  /dev/input/event3       TOUCH   slot0#23=(259,688,p=13) slot1#24=(204,94,p=13)
10:34:41.063  /dev/input/event3       TOUCH   slot0#23=(259,688,p=13) slot1#24=(204,93,p=13)
10:34:41.072  /dev/input/event3       EV_KEY  UNKNOWN(330)                  UP
10:34:41.072  /dev/input/event3       TOUCH   (none)
